{"level":"info","message":"date[clf] GRAPHQL-QUERY query GetProvince($provinceId:ID!$districtId:ID!){getProvince{id name createAt}getDistrict(provinceId:$provinceId){id name}getWarn(districtId:$districtId){id name}} -200 - 18.968 ms\n"}
{"level":"info","message":"date[clf] GRAPHQL-QUERY query GetProvince($provinceId:ID!$districtId:ID!){getProvince{id name createAt}getDistrict(provinceId:$provinceId){id name}getWarn(districtId:$districtId){id name}} -200 - 20.880 ms\n"}
[2022-04-10 10:47:28][[32minfo[39m] GRAPHQL-QUERY query GetProvince($provinceId:ID!$districtId:ID!){getProvince{id name createAt}getDistrict(provinceId:$provinceId){id name}getWarn(districtId:$districtId){id name}} -200 - 10.080 ms

[2023-07-07 15:26:55][[32minfo[39m] GRAPHQL-QUERY - -200 - 1.648 ms

[2023-07-14 10:01:29][[32minfo[39m] GRAPHQL-QUERY - -200 - 2.769 ms

[2023-07-14 10:02:00][[32minfo[39m] GRAPHQL-QUERY query GetAllProduct{getAllProduct{id name}} -200 - 3.158 ms

[2023-07-14 10:04:26][[32minfo[39m] GRAPHQL-QUERY query GetDistrict($provinceId:ID!){getDistrict(provinceId:$provinceId){id name}} -400 - 22.975 ms

[2023-07-14 10:04:38][[32minfo[39m] GRAPHQL-QUERY query GetDistrict{getProvince{id name createAt}} -200 - 5.453 ms

[2023-07-14 14:14:44][[32minfo[39m] GRAPHQL-QUERY query GetProvince{getProvince{id name createAt}} -200 - 3.866 ms

[2023-07-14 14:15:30][[32minfo[39m] GRAPHQL-QUERY query GetProvince{getProvince{id name createAt}} -200 - 287.453 ms

[2023-07-14 14:25:46][[32minfo[39m] GRAPHQL-QUERY query GetDistrict($provinceId:ID!){getDistrict(provinceId:$provinceId){id name}} -200 - 276.663 ms

[2023-07-14 14:26:01][[32minfo[39m] GRAPHQL-QUERY query GetDistrict($provinceId:ID!){getDistrict(provinceId:$provinceId){id name}} -200 - 2683.236 ms

[2023-07-14 14:29:40][[32minfo[39m] GRAPHQL-QUERY query GetWarn($districtId:ID!){getWarn(districtId:$districtId){id name}} -200 - 291.088 ms

[2023-07-14 15:47:02][[32minfo[39m] redis connected
[2023-07-14 15:47:18][[32minfo[39m] Get province from db
[2023-07-14 15:47:18][[32minfo[39m] GRAPHQL-QUERY query GetProvince{getProvince{id name createAt}} -200 - 289.176 ms

[2023-07-14 15:47:19][[32minfo[39m] Get province from redis
[2023-07-14 15:47:19][[32minfo[39m] GRAPHQL-QUERY query GetProvince{getProvince{id name createAt}} -200 - 4.876 ms

[2023-07-14 15:47:20][[32minfo[39m] Get province from redis
[2023-07-14 15:47:20][[32minfo[39m] GRAPHQL-QUERY query GetProvince{getProvince{id name createAt}} -200 - 6.303 ms

[2023-07-14 15:47:21][[32minfo[39m] Get province from redis
[2023-07-14 15:47:21][[32minfo[39m] GRAPHQL-QUERY query GetProvince{getProvince{id name createAt}} -200 - 20.614 ms

[2023-07-14 15:47:22][[32minfo[39m] Get province from redis
[2023-07-14 15:47:22][[32minfo[39m] GRAPHQL-QUERY query GetProvince{getProvince{id name createAt}} -200 - 7.239 ms

[2023-07-14 16:05:40][[32minfo[39m] redis connected
[2023-07-14 16:07:49][[32minfo[39m] redis connected
[2023-07-14 16:10:19][[32minfo[39m] redis connected
[2023-07-14 16:14:18][[32minfo[39m] redis connected
[2023-07-14 16:20:49][[32minfo[39m] redis connected
[2023-07-14 16:22:23][[32minfo[39m] redis connected
[2023-07-14 16:23:38][[32minfo[39m] redis connected
[2023-07-14 16:24:05][[32minfo[39m] redis connected
[2023-07-14 16:26:13][[32minfo[39m] redis connected
[2023-07-14 16:31:58][[32minfo[39m] redis connected
[2023-07-14 17:03:31][[31merror[39m] redis connection error
{ "code": "ECONNREFUSED" }
AggregateError
    at internalConnectMultiple (node:net:1102:18)
    at afterConnectMultiple (node:net:1620:5)
[2023-07-14 17:03:48][[31merror[39m] redis connection error
{ "code": "ECONNREFUSED" }
AggregateError
    at internalConnectMultiple (node:net:1102:18)
    at afterConnectMultiple (node:net:1620:5)
[2023-07-14 17:04:05][[31merror[39m] redis connection error
{ "code": "ECONNREFUSED" }
AggregateError
    at internalConnectMultiple (node:net:1102:18)
    at afterConnectMultiple (node:net:1620:5)
[2023-07-14 17:04:17][[31merror[39m] redis connection error
{ "code": "ECONNREFUSED" }
AggregateError
    at internalConnectMultiple (node:net:1102:18)
    at afterConnectMultiple (node:net:1620:5)
[2023-07-14 17:07:56][[31merror[39m] redis connection error
{ "code": "ECONNREFUSED" }
AggregateError
    at internalConnectMultiple (node:net:1102:18)
    at afterConnectMultiple (node:net:1620:5)
[2023-07-14 17:10:16][[31merror[39m] redis connection error
{ "code": "ECONNREFUSED" }
AggregateError
    at internalConnectMultiple (node:net:1102:18)
    at afterConnectMultiple (node:net:1620:5)
[2023-07-14 17:10:50][[31merror[39m] redis connection error
{ "code": "ECONNREFUSED" }
AggregateError
    at internalConnectMultiple (node:net:1102:18)
    at afterConnectMultiple (node:net:1620:5)
[2023-07-14 17:11:11][[32minfo[39m] GRAPHQL-QUERY query GetAllUser{getAllUser{id createdAt updatedAt username name phone role email}} -200 - 4.049 ms

[2023-07-14 17:14:07][[31merror[39m] redis connection error
{ "code": "ECONNREFUSED" }
AggregateError
    at internalConnectMultiple (node:net:1102:18)
    at afterConnectMultiple (node:net:1620:5)
[2023-07-14 17:15:35][[31merror[39m] redis connection error
{ "code": "ECONNREFUSED" }
AggregateError
    at internalConnectMultiple (node:net:1102:18)
    at afterConnectMultiple (node:net:1620:5)
[2023-07-14 17:15:57][[31merror[39m] redis connection error
{ "code": "ECONNREFUSED" }
AggregateError
    at internalConnectMultiple (node:net:1102:18)
    at afterConnectMultiple (node:net:1620:5)
[2023-07-14 17:16:09][[32minfo[39m] GRAPHQL-QUERY query GetAllUser{getAllUser{id createdAt updatedAt username name phone role email}} -200 - 3.309 ms

[2023-07-14 17:16:40][[31merror[39m] redis connection error
{ "code": "ECONNREFUSED" }
AggregateError
    at internalConnectMultiple (node:net:1102:18)
    at afterConnectMultiple (node:net:1620:5)
[2023-07-14 17:16:48][[32minfo[39m] GRAPHQL-QUERY query GetAllUser{getAllUser{id createdAt updatedAt username name phone role email}} -200 - 22.931 ms

[2023-07-14 17:18:28][[31merror[39m] redis connection error
{ "code": "ECONNREFUSED" }
AggregateError
    at internalConnectMultiple (node:net:1102:18)
    at afterConnectMultiple (node:net:1620:5)
[2023-07-14 17:27:29][[31merror[39m] redis connection error
{ "code": "ECONNREFUSED" }
AggregateError
    at internalConnectMultiple (node:net:1102:18)
    at afterConnectMultiple (node:net:1620:5)
[2023-07-14 17:27:40][[31merror[39m] redis connection error
{ "code": "ECONNREFUSED" }
AggregateError
    at internalConnectMultiple (node:net:1102:18)
    at afterConnectMultiple (node:net:1620:5)
[2023-07-14 17:30:19][[31merror[39m] redis connection error
{ "code": "ECONNREFUSED" }
AggregateError
    at internalConnectMultiple (node:net:1102:18)
    at afterConnectMultiple (node:net:1620:5)
[2023-07-14 17:37:55][[31merror[39m] redis connection error
{ "code": "ECONNREFUSED" }
AggregateError
    at internalConnectMultiple (node:net:1102:18)
    at afterConnectMultiple (node:net:1620:5)
[2023-07-14 17:38:00][[31merror[39m] redis connection error
{ "code": "ECONNREFUSED" }
AggregateError
    at internalConnectMultiple (node:net:1102:18)
    at afterConnectMultiple (node:net:1620:5)
[2023-07-14 17:45:52][[31merror[39m] redis connection error
{ "code": "ECONNREFUSED" }
AggregateError
    at internalConnectMultiple (node:net:1102:18)
    at afterConnectMultiple (node:net:1620:5)
[2023-07-14 17:46:08][[31merror[39m] redis connection error
{ "code": "ECONNREFUSED" }
AggregateError
    at internalConnectMultiple (node:net:1102:18)
    at afterConnectMultiple (node:net:1620:5)
[2023-07-14 17:48:16][[31merror[39m] redis connection error
{ "code": "ECONNREFUSED" }
AggregateError
    at internalConnectMultiple (node:net:1102:18)
    at afterConnectMultiple (node:net:1620:5)
[2023-07-14 17:49:33][[32minfo[39m] GRAPHQL-QUERY query GetAllUser{getAllUser{id createdAt updatedAt username name phone role email}} -200 - 265.243 ms

[2023-07-14 17:50:47][[32minfo[39m] GRAPHQL-QUERY mutation CreateUser($data:CreateUserInput!){createUser(data:$data){id createdAt updatedAt username name phone role email}} -200 - 273.714 ms

[2023-07-14 17:50:53][[32minfo[39m] GRAPHQL-QUERY query GetAllUser{getAllUser{id createdAt updatedAt username name phone role email}} -200 - 256.416 ms

[2023-07-14 17:51:09][[31merror[39m] redis connection error
{ "code": "ECONNREFUSED" }
AggregateError
    at internalConnectMultiple (node:net:1102:18)
    at afterConnectMultiple (node:net:1620:5)
[2023-07-14 17:51:15][[32minfo[39m] GRAPHQL-QUERY query GetAllUser{getAllUser{id createdAt updatedAt username name phone role email}} -200 - 1812.979 ms

[2023-07-14 17:51:18][[32minfo[39m] GRAPHQL-QUERY mutation CreateUser($data:CreateUserInput!){createUser(data:$data){id createdAt updatedAt username name phone role email}} -200 - 531.443 ms

[2023-07-14 17:51:21][[32minfo[39m] GRAPHQL-QUERY query GetAllUser{getAllUser{id createdAt updatedAt username name phone role email}} -200 - 261.441 ms

[2023-07-14 17:51:40][[32minfo[39m] GRAPHQL-QUERY mutation CreateUser($data:CreateUserInput!){createUser(data:$data){id createdAt updatedAt username name phone role email}} -200 - 584.329 ms

[2023-07-14 17:51:44][[32minfo[39m] GRAPHQL-QUERY query GetAllUser{getAllUser{id createdAt updatedAt username name phone role email}} -200 - 258.034 ms

[2023-07-14 17:51:59][[31merror[39m] redis connection error
{ "code": "ECONNREFUSED" }
AggregateError
    at internalConnectMultiple (node:net:1102:18)
    at afterConnectMultiple (node:net:1620:5)
