[2023-07-14 17:03:31][[31merror[39m] redis connection error
{ "code": "ECONNREFUSED" }
AggregateError
    at internalConnectMultiple (node:net:1102:18)
    at afterConnectMultiple (node:net:1620:5)
[2023-07-14 17:03:48][[31merror[39m] redis connection error
{ "code": "ECONNREFUSED" }
AggregateError
    at internalConnectMultiple (node:net:1102:18)
    at afterConnectMultiple (node:net:1620:5)
[2023-07-14 17:04:05][[31merror[39m] redis connection error
{ "code": "ECONNREFUSED" }
AggregateError
    at internalConnectMultiple (node:net:1102:18)
    at afterConnectMultiple (node:net:1620:5)
[2023-07-14 17:04:17][[31merror[39m] redis connection error
{ "code": "ECONNREFUSED" }
AggregateError
    at internalConnectMultiple (node:net:1102:18)
    at afterConnectMultiple (node:net:1620:5)
[2023-07-14 17:07:56][[31merror[39m] redis connection error
{ "code": "ECONNREFUSED" }
AggregateError
    at internalConnectMultiple (node:net:1102:18)
    at afterConnectMultiple (node:net:1620:5)
[2023-07-14 17:10:16][[31merror[39m] redis connection error
{ "code": "ECONNREFUSED" }
AggregateError
    at internalConnectMultiple (node:net:1102:18)
    at afterConnectMultiple (node:net:1620:5)
[2023-07-14 17:10:50][[31merror[39m] redis connection error
{ "code": "ECONNREFUSED" }
AggregateError
    at internalConnectMultiple (node:net:1102:18)
    at afterConnectMultiple (node:net:1620:5)
[2023-07-14 17:14:07][[31merror[39m] redis connection error
{ "code": "ECONNREFUSED" }
AggregateError
    at internalConnectMultiple (node:net:1102:18)
    at afterConnectMultiple (node:net:1620:5)
[2023-07-14 17:15:35][[31merror[39m] redis connection error
{ "code": "ECONNREFUSED" }
AggregateError
    at internalConnectMultiple (node:net:1102:18)
    at afterConnectMultiple (node:net:1620:5)
[2023-07-14 17:15:57][[31merror[39m] redis connection error
{ "code": "ECONNREFUSED" }
AggregateError
    at internalConnectMultiple (node:net:1102:18)
    at afterConnectMultiple (node:net:1620:5)
[2023-07-14 17:16:40][[31merror[39m] redis connection error
{ "code": "ECONNREFUSED" }
AggregateError
    at internalConnectMultiple (node:net:1102:18)
    at afterConnectMultiple (node:net:1620:5)
[2023-07-14 17:18:28][[31merror[39m] redis connection error
{ "code": "ECONNREFUSED" }
AggregateError
    at internalConnectMultiple (node:net:1102:18)
    at afterConnectMultiple (node:net:1620:5)
[2023-07-14 17:27:29][[31merror[39m] redis connection error
{ "code": "ECONNREFUSED" }
AggregateError
    at internalConnectMultiple (node:net:1102:18)
    at afterConnectMultiple (node:net:1620:5)
[2023-07-14 17:27:40][[31merror[39m] redis connection error
{ "code": "ECONNREFUSED" }
AggregateError
    at internalConnectMultiple (node:net:1102:18)
    at afterConnectMultiple (node:net:1620:5)
[2023-07-14 17:30:19][[31merror[39m] redis connection error
{ "code": "ECONNREFUSED" }
AggregateError
    at internalConnectMultiple (node:net:1102:18)
    at afterConnectMultiple (node:net:1620:5)
[2023-07-14 17:37:55][[31merror[39m] redis connection error
{ "code": "ECONNREFUSED" }
AggregateError
    at internalConnectMultiple (node:net:1102:18)
    at afterConnectMultiple (node:net:1620:5)
[2023-07-14 17:38:00][[31merror[39m] redis connection error
{ "code": "ECONNREFUSED" }
AggregateError
    at internalConnectMultiple (node:net:1102:18)
    at afterConnectMultiple (node:net:1620:5)
[2023-07-14 17:45:52][[31merror[39m] redis connection error
{ "code": "ECONNREFUSED" }
AggregateError
    at internalConnectMultiple (node:net:1102:18)
    at afterConnectMultiple (node:net:1620:5)
[2023-07-14 17:46:08][[31merror[39m] redis connection error
{ "code": "ECONNREFUSED" }
AggregateError
    at internalConnectMultiple (node:net:1102:18)
    at afterConnectMultiple (node:net:1620:5)
[2023-07-14 17:48:16][[31merror[39m] redis connection error
{ "code": "ECONNREFUSED" }
AggregateError
    at internalConnectMultiple (node:net:1102:18)
    at afterConnectMultiple (node:net:1620:5)
[2023-07-14 17:51:09][[31merror[39m] redis connection error
{ "code": "ECONNREFUSED" }
AggregateError
    at internalConnectMultiple (node:net:1102:18)
    at afterConnectMultiple (node:net:1620:5)
[2023-07-14 17:51:59][[31merror[39m] redis connection error
{ "code": "ECONNREFUSED" }
AggregateError
    at internalConnectMultiple (node:net:1102:18)
    at afterConnectMultiple (node:net:1620:5)
[2023-07-17 11:06:16][[31merror[39m] redis connection error
{ "code": "ECONNREFUSED" }
AggregateError
    at internalConnectMultiple (node:net:1102:18)
    at afterConnectMultiple (node:net:1620:5)
[2023-07-17 11:16:53][[31merror[39m] redis connection error
{ "code": "ECONNREFUSED" }
AggregateError
    at internalConnectMultiple (node:net:1102:18)
    at afterConnectMultiple (node:net:1620:5)
[2023-07-17 11:18:34][[31merror[39m] redis connection error
{ "code": "ECONNREFUSED" }
AggregateError
    at internalConnectMultiple (node:net:1102:18)
    at afterConnectMultiple (node:net:1620:5)
[2023-07-17 11:23:07][[31merror[39m] redis connection error
{ "code": "ECONNREFUSED" }
AggregateError
    at internalConnectMultiple (node:net:1102:18)
    at afterConnectMultiple (node:net:1620:5)
[2023-07-17 11:47:00][[31merror[39m] redis connection error
{ "code": "ECONNREFUSED" }
AggregateError
    at internalConnectMultiple (node:net:1102:18)
    at afterConnectMultiple (node:net:1620:5)
[2023-07-17 11:52:52][[31merror[39m] redis connection error
{ "code": "ECONNREFUSED" }
AggregateError
    at internalConnectMultiple (node:net:1102:18)
    at afterConnectMultiple (node:net:1620:5)
[2023-07-17 11:54:05][[31merror[39m] redis connection error
{ "code": "ECONNREFUSED" }
AggregateError
    at internalConnectMultiple (node:net:1102:18)
    at afterConnectMultiple (node:net:1620:5)
[2023-07-17 11:54:50][[31merror[39m] redis connection error
{ "code": "ECONNREFUSED" }
AggregateError
    at internalConnectMultiple (node:net:1102:18)
    at afterConnectMultiple (node:net:1620:5)
[2023-07-17 11:57:29][[31merror[39m] redis connection error
{ "code": "ECONNREFUSED" }
AggregateError
    at internalConnectMultiple (node:net:1102:18)
    at afterConnectMultiple (node:net:1620:5)
[2023-07-17 13:45:43][[31merror[39m] redis connection error
{ "code": "ECONNREFUSED" }
AggregateError
    at internalConnectMultiple (node:net:1102:18)
    at afterConnectMultiple (node:net:1620:5)
[2023-07-17 13:52:23][[31merror[39m] redis connection error
{ "code": "ECONNREFUSED" }
AggregateError
    at internalConnectMultiple (node:net:1102:18)
    at afterConnectMultiple (node:net:1620:5)
[2023-07-17 13:52:26][[31merror[39m] redis connection error
{ "code": "ECONNREFUSED" }
AggregateError
    at internalConnectMultiple (node:net:1102:18)
    at afterConnectMultiple (node:net:1620:5)
[2023-07-17 13:52:34][[31merror[39m] redis connection error
{ "code": "ECONNREFUSED" }
AggregateError
    at internalConnectMultiple (node:net:1102:18)
    at afterConnectMultiple (node:net:1620:5)
[2023-07-17 14:42:54][[31merror[39m] redis connection error
{ "code": "ECONNREFUSED" }
AggregateError
    at internalConnectMultiple (node:net:1102:18)
    at afterConnectMultiple (node:net:1620:5)
[2023-07-17 14:50:21][[31merror[39m] redis connection error
{ "code": "ECONNREFUSED" }
AggregateError
    at internalConnectMultiple (node:net:1102:18)
    at afterConnectMultiple (node:net:1620:5)
[2023-07-17 14:50:26][[31merror[39m] redis connection error
{ "code": "ECONNREFUSED" }
AggregateError
    at internalConnectMultiple (node:net:1102:18)
    at afterConnectMultiple (node:net:1620:5)
[2023-07-17 14:51:17][[31merror[39m] redis connection error
{ "code": "ECONNREFUSED" }
AggregateError
    at internalConnectMultiple (node:net:1102:18)
    at afterConnectMultiple (node:net:1620:5)
[2023-07-17 14:52:10][[31merror[39m] redis connection error
{ "code": "ECONNREFUSED" }
AggregateError
    at internalConnectMultiple (node:net:1102:18)
    at afterConnectMultiple (node:net:1620:5)
[2023-07-18 09:38:43][[31merror[39m] redis connection error
{ "code": "ECONNREFUSED" }
AggregateError
    at internalConnectMultiple (node:net:1102:18)
    at afterConnectMultiple (node:net:1620:5)
[2023-07-18 09:39:03][[31merror[39m] redis connection error
{ "code": "ECONNREFUSED" }
AggregateError
    at internalConnectMultiple (node:net:1102:18)
    at afterConnectMultiple (node:net:1620:5)
[2023-07-18 09:59:41][[31merror[39m] redis connection error
{ "code": "ECONNREFUSED" }
AggregateError
    at internalConnectMultiple (node:net:1102:18)
    at afterConnectMultiple (node:net:1620:5)
[2023-07-18 10:15:50][[31merror[39m] redis connection error
{ "code": "ECONNREFUSED" }
AggregateError
    at internalConnectMultiple (node:net:1102:18)
    at afterConnectMultiple (node:net:1620:5)
[2023-07-18 10:16:29][[31merror[39m] redis connection error
{ "code": "ECONNREFUSED" }
AggregateError
    at internalConnectMultiple (node:net:1102:18)
    at afterConnectMultiple (node:net:1620:5)
[2023-07-20 13:44:37][[31merror[39m] redis connection error
{ "code": "ECONNREFUSED" }
AggregateError
    at internalConnectMultiple (node:net:1102:18)
    at afterConnectMultiple (node:net:1620:5)
[2023-07-20 13:48:10][[31merror[39m] redis connection error
{ "code": "ECONNREFUSED" }
AggregateError
    at internalConnectMultiple (node:net:1102:18)
    at afterConnectMultiple (node:net:1620:5)
[2023-07-20 13:48:21][[31merror[39m] redis connection error
{ "code": "ECONNREFUSED" }
AggregateError
    at internalConnectMultiple (node:net:1102:18)
    at afterConnectMultiple (node:net:1620:5)
[2023-07-20 13:48:42][[31merror[39m] redis connection error
{ "code": "ECONNREFUSED" }
AggregateError
    at internalConnectMultiple (node:net:1102:18)
    at afterConnectMultiple (node:net:1620:5)
[2023-07-20 13:53:02][[31merror[39m] redis connection error
{ "code": "ECONNREFUSED" }
AggregateError
    at internalConnectMultiple (node:net:1102:18)
    at afterConnectMultiple (node:net:1620:5)
[2023-07-20 13:53:19][[31merror[39m] redis connection error
{ "code": "ECONNREFUSED" }
AggregateError
    at internalConnectMultiple (node:net:1102:18)
    at afterConnectMultiple (node:net:1620:5)
[2023-07-20 13:54:26][[31merror[39m] redis connection error
{ "code": "ECONNREFUSED" }
AggregateError
    at internalConnectMultiple (node:net:1102:18)
    at afterConnectMultiple (node:net:1620:5)
[2023-07-20 13:55:03][[31merror[39m] redis connection error
{ "code": "ECONNREFUSED" }
AggregateError
    at internalConnectMultiple (node:net:1102:18)
    at afterConnectMultiple (node:net:1620:5)
[2023-07-20 13:55:34][[31merror[39m] redis connection error
{ "code": "ECONNREFUSED" }
AggregateError
    at internalConnectMultiple (node:net:1102:18)
    at afterConnectMultiple (node:net:1620:5)
[2023-07-20 14:03:11][[31merror[39m] redis connection error
{ "code": "ECONNREFUSED" }
AggregateError
    at internalConnectMultiple (node:net:1102:18)
    at afterConnectMultiple (node:net:1620:5)
[2023-07-20 14:07:04][[31merror[39m] redis connection error
{ "code": "ECONNREFUSED" }
AggregateError
    at internalConnectMultiple (node:net:1102:18)
    at afterConnectMultiple (node:net:1620:5)
[2023-07-20 14:07:16][[31merror[39m] redis connection error
{ "code": "ECONNREFUSED" }
AggregateError
    at internalConnectMultiple (node:net:1102:18)
    at afterConnectMultiple (node:net:1620:5)
[2023-07-20 14:08:59][[31merror[39m] redis connection error
{ "code": "ECONNREFUSED" }
AggregateError
    at internalConnectMultiple (node:net:1102:18)
    at afterConnectMultiple (node:net:1620:5)
[2023-07-20 14:13:28][[31merror[39m] redis connection error
{ "code": "ECONNREFUSED" }
AggregateError
    at internalConnectMultiple (node:net:1102:18)
    at afterConnectMultiple (node:net:1620:5)
[2023-07-20 14:15:46][[31merror[39m] redis connection error
{ "code": "ECONNREFUSED" }
AggregateError
    at internalConnectMultiple (node:net:1102:18)
    at afterConnectMultiple (node:net:1620:5)
[2023-07-20 14:18:13][[31merror[39m] redis connection error
{ "code": "ECONNREFUSED" }
AggregateError
    at internalConnectMultiple (node:net:1102:18)
    at afterConnectMultiple (node:net:1620:5)
[2023-07-20 14:18:19][[31merror[39m] redis connection error
{ "code": "ECONNREFUSED" }
AggregateError
    at internalConnectMultiple (node:net:1102:18)
    at afterConnectMultiple (node:net:1620:5)
[2023-07-20 14:21:01][[31merror[39m] redis connection error
{ "code": "ECONNREFUSED" }
AggregateError
    at internalConnectMultiple (node:net:1102:18)
    at afterConnectMultiple (node:net:1620:5)
[2023-07-20 14:23:10][[31merror[39m] redis connection error
{ "code": "ECONNREFUSED" }
AggregateError
    at internalConnectMultiple (node:net:1102:18)
    at afterConnectMultiple (node:net:1620:5)
[2023-07-20 14:26:59][[31merror[39m] redis connection error
{ "code": "ECONNREFUSED" }
AggregateError
    at internalConnectMultiple (node:net:1102:18)
    at afterConnectMultiple (node:net:1620:5)
[2023-07-20 14:27:17][[31merror[39m] redis connection error
{ "code": "ECONNREFUSED" }
AggregateError
    at internalConnectMultiple (node:net:1102:18)
    at afterConnectMultiple (node:net:1620:5)
[2023-07-20 14:29:48][[31merror[39m] redis connection error
{ "code": "ECONNREFUSED" }
AggregateError
    at internalConnectMultiple (node:net:1102:18)
    at afterConnectMultiple (node:net:1620:5)
[2023-07-20 14:32:34][[31merror[39m] redis connection error
{ "code": "ECONNREFUSED" }
AggregateError
    at internalConnectMultiple (node:net:1102:18)
    at afterConnectMultiple (node:net:1620:5)
[2023-07-20 14:53:30][[31merror[39m] redis connection error
{ "code": "ECONNREFUSED" }
AggregateError
    at internalConnectMultiple (node:net:1102:18)
    at afterConnectMultiple (node:net:1620:5)
[2023-07-20 14:53:40][[31merror[39m] redis connection error
{ "code": "ECONNREFUSED" }
AggregateError
    at internalConnectMultiple (node:net:1102:18)
    at afterConnectMultiple (node:net:1620:5)
[2023-07-20 15:06:51][[31merror[39m] redis connection error
{ "code": "ECONNREFUSED" }
AggregateError
    at internalConnectMultiple (node:net:1102:18)
    at afterConnectMultiple (node:net:1620:5)
[2023-07-20 15:08:43][[31merror[39m] redis connection error
{ "code": "ECONNREFUSED" }
AggregateError
    at internalConnectMultiple (node:net:1102:18)
    at afterConnectMultiple (node:net:1620:5)
[2023-07-20 15:20:24][[31merror[39m] redis connection error
{ "code": "ECONNREFUSED" }
AggregateError
    at internalConnectMultiple (node:net:1102:18)
    at afterConnectMultiple (node:net:1620:5)
[2023-07-20 15:28:08][[31merror[39m] redis connection error
{ "code": "ECONNREFUSED" }
AggregateError
    at internalConnectMultiple (node:net:1102:18)
    at afterConnectMultiple (node:net:1620:5)
[2023-07-20 15:31:57][[31merror[39m] redis connection error
{ "code": "ECONNREFUSED" }
AggregateError
    at internalConnectMultiple (node:net:1102:18)
    at afterConnectMultiple (node:net:1620:5)
[2023-07-20 15:39:26][[31merror[39m] redis connection error
{ "code": "ECONNREFUSED" }
AggregateError
    at internalConnectMultiple (node:net:1102:18)
    at afterConnectMultiple (node:net:1620:5)
[2023-07-20 15:43:31][[31merror[39m] redis connection error
{ "code": "ECONNREFUSED" }
AggregateError
    at internalConnectMultiple (node:net:1102:18)
    at afterConnectMultiple (node:net:1620:5)
[2023-07-20 15:46:55][[31merror[39m] redis connection error
{ "code": "ECONNREFUSED" }
AggregateError
    at internalConnectMultiple (node:net:1102:18)
    at afterConnectMultiple (node:net:1620:5)
[2023-07-20 15:47:05][[31merror[39m] redis connection error
{ "code": "ECONNREFUSED" }
AggregateError
    at internalConnectMultiple (node:net:1102:18)
    at afterConnectMultiple (node:net:1620:5)
[2023-07-20 15:47:50][[31merror[39m] redis connection error
{ "code": "ECONNREFUSED" }
AggregateError
    at internalConnectMultiple (node:net:1102:18)
    at afterConnectMultiple (node:net:1620:5)
[2023-07-20 15:48:55][[31merror[39m] redis connection error
{ "code": "ECONNREFUSED" }
AggregateError
    at internalConnectMultiple (node:net:1102:18)
    at afterConnectMultiple (node:net:1620:5)
[2023-07-20 15:57:18][[31merror[39m] redis connection error
{ "code": "ECONNREFUSED" }
AggregateError
    at internalConnectMultiple (node:net:1102:18)
    at afterConnectMultiple (node:net:1620:5)
[2023-07-20 15:58:22][[31merror[39m] redis connection error
{ "code": "ECONNREFUSED" }
AggregateError
    at internalConnectMultiple (node:net:1102:18)
    at afterConnectMultiple (node:net:1620:5)
[2023-07-20 15:59:45][[31merror[39m] redis connection error
{ "code": "ECONNREFUSED" }
AggregateError
    at internalConnectMultiple (node:net:1102:18)
    at afterConnectMultiple (node:net:1620:5)
[2023-07-20 16:10:02][[31merror[39m] redis connection error
{ "code": "ECONNREFUSED" }
AggregateError
    at internalConnectMultiple (node:net:1102:18)
    at afterConnectMultiple (node:net:1620:5)
[2023-07-20 16:10:45][[31merror[39m] redis connection error
{ "code": "ECONNREFUSED" }
AggregateError
    at internalConnectMultiple (node:net:1102:18)
    at afterConnectMultiple (node:net:1620:5)
[2023-07-20 16:11:58][[31merror[39m] redis connection error
{ "code": "ECONNREFUSED" }
AggregateError
    at internalConnectMultiple (node:net:1102:18)
    at afterConnectMultiple (node:net:1620:5)
[2023-07-20 16:12:50][[31merror[39m] redis connection error
{ "code": "ECONNREFUSED" }
AggregateError
    at internalConnectMultiple (node:net:1102:18)
    at afterConnectMultiple (node:net:1620:5)
[2023-07-20 16:16:42][[31merror[39m] redis connection error
{ "code": "ECONNREFUSED" }
AggregateError
    at internalConnectMultiple (node:net:1102:18)
    at afterConnectMultiple (node:net:1620:5)
[2023-07-20 16:17:42][[31merror[39m] redis connection error
{ "code": "ECONNREFUSED" }
AggregateError
    at internalConnectMultiple (node:net:1102:18)
    at afterConnectMultiple (node:net:1620:5)
[2023-07-20 16:22:55][[31merror[39m] redis connection error
{ "code": "ECONNREFUSED" }
AggregateError
    at internalConnectMultiple (node:net:1102:18)
    at afterConnectMultiple (node:net:1620:5)
[2023-07-20 16:23:55][[31merror[39m] redis connection error
{ "code": "ECONNREFUSED" }
AggregateError
    at internalConnectMultiple (node:net:1102:18)
    at afterConnectMultiple (node:net:1620:5)
[2023-07-20 16:26:30][[31merror[39m] redis connection error
{ "code": "ECONNREFUSED" }
AggregateError
    at internalConnectMultiple (node:net:1102:18)
    at afterConnectMultiple (node:net:1620:5)
[2023-07-20 16:27:40][[31merror[39m] redis connection error
{ "code": "ECONNREFUSED" }
AggregateError
    at internalConnectMultiple (node:net:1102:18)
    at afterConnectMultiple (node:net:1620:5)
